[ 2025-02-05 16:27:59,617 ] 1025 httpx - INFO - HTTP Request: POST https://dagshub.com/login/oauth/middleman "HTTP/1.1 200 OK"
[ 2025-02-05 16:27:59,924 ] 1025 httpx - INFO - HTTP Request: POST https://dagshub.com/login/oauth/access_token "HTTP/1.1 200 OK"
[ 2025-02-05 16:28:00,219 ] 1025 httpx - INFO - HTTP Request: GET https://dagshub.com/api/v1/user "HTTP/1.1 200 OK"
[ 2025-02-05 16:28:00,227 ] 107 dagshub - INFO - Accessing as muogo
[ 2025-02-05 16:28:00,557 ] 1025 httpx - INFO - HTTP Request: GET https://dagshub.com/api/v1/repos/muogo/NetworkSecurity "HTTP/1.1 200 OK"
[ 2025-02-05 16:28:00,861 ] 1025 httpx - INFO - HTTP Request: GET https://dagshub.com/api/v1/user "HTTP/1.1 200 OK"
[ 2025-02-05 16:28:00,863 ] 107 dagshub - INFO - Initialized MLflow to track repo "muogo/NetworkSecurity"
[ 2025-02-05 16:28:00,863 ] 107 dagshub - INFO - Repository muogo/NetworkSecurity initialized!
[ 2025-02-05 16:28:00,864 ] 18 root - INFO - Initiate the data ingestion
[ 2025-02-05 16:28:03,413 ] 64 root - INFO - Performed train test split on the dataframe
[ 2025-02-05 16:28:03,413 ] 66 root - INFO - Exited split_data_as_train_test method of Data_Ingestion class
[ 2025-02-05 16:28:03,414 ] 74 root - INFO - Exporting train and test file path.
[ 2025-02-05 16:28:03,564 ] 83 root - INFO - Exported train and test file path.
[ 2025-02-05 16:28:03,564 ] 20 root - INFO - data initiation Completed
[ 2025-02-05 16:28:03,572 ] 26 root - INFO - Initiate the data Validation
[ 2025-02-05 16:28:03,625 ] 34 root - INFO - Required number of columns:2
[ 2025-02-05 16:28:03,625 ] 35 root - INFO - Data frame has columns:31
[ 2025-02-05 16:28:03,625 ] 34 root - INFO - Required number of columns:2
[ 2025-02-05 16:28:03,625 ] 35 root - INFO - Data frame has columns:31
[ 2025-02-05 16:28:03,842 ] 28 root - INFO - data Validation Completed
[ 2025-02-05 16:28:03,842 ] 33 root - INFO - data Transformation started
[ 2025-02-05 16:28:03,842 ] 60 root - INFO - Enter initiate_data_transformation method of DataTrasformation class
[ 2025-02-05 16:28:03,842 ] 62 root - INFO - Starting data trasformation
[ 2025-02-05 16:28:03,930 ] 46 root - INFO - enter get_data_trnasformer_object method of Trnasformation class
[ 2025-02-05 16:28:03,931 ] 51 root - INFO - Initialise KNNImputer with {'missing_values': nan, 'n_neighbors': 3, 'weights': 'uniform'}
[ 2025-02-05 16:28:03,958 ] 50 root - INFO - Enter to save object method of MainUtils class
[ 2025-02-05 16:28:03,964 ] 54 root - INFO - Exited the save object method of mainutils class
[ 2025-02-05 16:28:03,964 ] 50 root - INFO - Enter to save object method of MainUtils class
[ 2025-02-05 16:28:03,970 ] 54 root - INFO - Exited the save object method of mainutils class
[ 2025-02-05 16:28:03,970 ] 37 root - INFO - data Transformation completed
[ 2025-02-05 16:28:03,971 ] 39 root - INFO - Model Training sstared
[ 2025-02-05 16:35:00,632 ] 50 root - INFO - Enter to save object method of MainUtils class
[ 2025-02-05 16:35:00,633 ] 54 root - INFO - Exited the save object method of mainutils class
[ 2025-02-05 16:35:00,633 ] 50 root - INFO - Enter to save object method of MainUtils class
[ 2025-02-05 16:35:00,649 ] 54 root - INFO - Exited the save object method of mainutils class
[ 2025-02-05 16:35:00,650 ] 135 root - INFO - Model trainer artifact: ModelTrainerArtifact(trained_model_file_path='Artifacts/02_05_2025_16_27_49/model_trainer/trainer_model/model.pkl', train_metric_artifact=ClassificationMetricArtifact(f1_score=0.9907848101265823, precision_score=0.9886822958771221, recall_score=0.9928962857722752), test_metric_artifact=ClassificationMetricArtifact(f1_score=0.9753336029114436, precision_score=0.9702333065164923, recall_score=0.9804878048780488))
[ 2025-02-05 16:35:00,653 ] 43 root - INFO - Model Training artifact created
