[ 2025-02-06 03:42:57,726 ] 1025 httpx - INFO - HTTP Request: GET https://dagshub.com/api/v1/user "HTTP/1.1 200 OK"
[ 2025-02-06 03:42:57,736 ] 107 dagshub - INFO - Accessing as muogo
[ 2025-02-06 03:42:58,089 ] 1025 httpx - INFO - HTTP Request: GET https://dagshub.com/api/v1/repos/muogo/NetworkSecurity "HTTP/1.1 200 OK"
[ 2025-02-06 03:42:58,393 ] 1025 httpx - INFO - HTTP Request: GET https://dagshub.com/api/v1/user "HTTP/1.1 200 OK"
[ 2025-02-06 03:42:58,395 ] 107 dagshub - INFO - Initialized MLflow to track repo "muogo/NetworkSecurity"
[ 2025-02-06 03:42:58,396 ] 107 dagshub - INFO - Repository muogo/NetworkSecurity initialized!
[ 2025-02-06 03:44:46,947 ] 42 root - INFO - Start data Ingestion
[ 2025-02-06 03:44:48,857 ] 64 root - INFO - Performed train test split on the dataframe
[ 2025-02-06 03:44:48,857 ] 66 root - INFO - Exited split_data_as_train_test method of Data_Ingestion class
[ 2025-02-06 03:44:48,857 ] 74 root - INFO - Exporting train and test file path.
[ 2025-02-06 03:44:48,940 ] 83 root - INFO - Exported train and test file path.
[ 2025-02-06 03:44:48,940 ] 45 root - INFO - Data Ingestion completed and artifact: DataIngestionArtifact(trained_file_path='Artifacts/02_06_2025_03_42_53/data_ingestion/ingested/train.csv', test_file_path='Artifacts/02_06_2025_03_42_53/data_ingestion/ingested/test.csv')
[ 2025-02-06 03:44:48,948 ] 55 root - INFO - Initiate the data Validation
[ 2025-02-06 03:44:48,982 ] 34 root - INFO - Required number of columns:2
[ 2025-02-06 03:44:48,982 ] 35 root - INFO - Data frame has columns:31
[ 2025-02-06 03:44:48,982 ] 34 root - INFO - Required number of columns:2
[ 2025-02-06 03:44:48,982 ] 35 root - INFO - Data frame has columns:31
[ 2025-02-06 03:44:49,218 ] 60 root - INFO - Enter initiate_data_transformation method of DataTrasformation class
[ 2025-02-06 03:44:49,218 ] 62 root - INFO - Starting data trasformation
[ 2025-02-06 03:44:49,272 ] 46 root - INFO - enter get_data_trnasformer_object method of Trnasformation class
[ 2025-02-06 03:44:49,272 ] 51 root - INFO - Initialise KNNImputer with {'missing_values': nan, 'n_neighbors': 3, 'weights': 'uniform'}
[ 2025-02-06 03:44:49,287 ] 50 root - INFO - Enter to save object method of MainUtils class
[ 2025-02-06 03:44:49,291 ] 54 root - INFO - Exited the save object method of mainutils class
[ 2025-02-06 03:44:49,291 ] 50 root - INFO - Enter to save object method of MainUtils class
[ 2025-02-06 03:44:49,295 ] 54 root - INFO - Exited the save object method of mainutils class
[ 2025-02-06 03:52:22,064 ] 50 root - INFO - Enter to save object method of MainUtils class
[ 2025-02-06 03:52:22,065 ] 54 root - INFO - Exited the save object method of mainutils class
[ 2025-02-06 03:52:22,065 ] 50 root - INFO - Enter to save object method of MainUtils class
[ 2025-02-06 03:52:22,141 ] 54 root - INFO - Exited the save object method of mainutils class
[ 2025-02-06 03:52:22,141 ] 133 root - INFO - Model trainer artifact: ModelTrainerArtifact(trained_model_file_path='Artifacts/02_06_2025_03_42_53/model_trainer/trainer_model/model.pkl', train_metric_artifact=ClassificationMetricArtifact(f1_score=0.9906636898721332, precision_score=0.9902617163724894, recall_score=0.9910659898477158), test_metric_artifact=ClassificationMetricArtifact(f1_score=0.9762384212645993, precision_score=0.9688249400479616, recall_score=0.9837662337662337))
