[ 2025-02-06 12:48:55,835 ] 1025 httpx - INFO - HTTP Request: GET https://dagshub.com/api/v1/user "HTTP/1.1 200 OK"
[ 2025-02-06 12:48:55,855 ] 107 dagshub - INFO - Accessing as muogo
[ 2025-02-06 12:48:56,344 ] 1025 httpx - INFO - HTTP Request: GET https://dagshub.com/api/v1/repos/muogo/NetworkSecurity "HTTP/1.1 200 OK"
[ 2025-02-06 12:48:56,651 ] 1025 httpx - INFO - HTTP Request: GET https://dagshub.com/api/v1/user "HTTP/1.1 200 OK"
[ 2025-02-06 12:48:56,653 ] 107 dagshub - INFO - Initialized MLflow to track repo "muogo/NetworkSecurity"
[ 2025-02-06 12:48:56,654 ] 107 dagshub - INFO - Repository muogo/NetworkSecurity initialized!
[ 2025-02-06 12:52:46,822 ] 42 root - INFO - Start data Ingestion
[ 2025-02-06 12:52:49,087 ] 64 root - INFO - Performed train test split on the dataframe
[ 2025-02-06 12:52:49,087 ] 66 root - INFO - Exited split_data_as_train_test method of Data_Ingestion class
[ 2025-02-06 12:52:49,087 ] 74 root - INFO - Exporting train and test file path.
[ 2025-02-06 12:52:49,249 ] 83 root - INFO - Exported train and test file path.
[ 2025-02-06 12:52:49,250 ] 45 root - INFO - Data Ingestion completed and artifact: DataIngestionArtifact(trained_file_path='Artifacts/02_06_2025_12_48_50/data_ingestion/ingested/train.csv', test_file_path='Artifacts/02_06_2025_12_48_50/data_ingestion/ingested/test.csv')
[ 2025-02-06 12:52:49,268 ] 55 root - INFO - Initiate the data Validation
[ 2025-02-06 12:52:49,324 ] 34 root - INFO - Required number of columns:2
[ 2025-02-06 12:52:49,325 ] 35 root - INFO - Data frame has columns:31
[ 2025-02-06 12:52:49,325 ] 34 root - INFO - Required number of columns:2
[ 2025-02-06 12:52:49,325 ] 35 root - INFO - Data frame has columns:31
[ 2025-02-06 12:52:49,713 ] 60 root - INFO - Enter initiate_data_transformation method of DataTrasformation class
[ 2025-02-06 12:52:49,713 ] 62 root - INFO - Starting data trasformation
[ 2025-02-06 12:52:49,769 ] 46 root - INFO - enter get_data_trnasformer_object method of Trnasformation class
[ 2025-02-06 12:52:49,769 ] 51 root - INFO - Initialise KNNImputer with {'missing_values': nan, 'n_neighbors': 3, 'weights': 'uniform'}
[ 2025-02-06 12:52:49,793 ] 50 root - INFO - Enter to save object method of MainUtils class
[ 2025-02-06 12:52:49,797 ] 54 root - INFO - Exited the save object method of mainutils class
[ 2025-02-06 12:52:49,798 ] 50 root - INFO - Enter to save object method of MainUtils class
[ 2025-02-06 12:52:49,801 ] 54 root - INFO - Exited the save object method of mainutils class
[ 2025-02-06 13:02:02,140 ] 50 root - INFO - Enter to save object method of MainUtils class
[ 2025-02-06 13:02:02,141 ] 54 root - INFO - Exited the save object method of mainutils class
[ 2025-02-06 13:02:02,141 ] 50 root - INFO - Enter to save object method of MainUtils class
[ 2025-02-06 13:02:02,240 ] 54 root - INFO - Exited the save object method of mainutils class
[ 2025-02-06 13:02:02,240 ] 133 root - INFO - Model trainer artifact: ModelTrainerArtifact(trained_model_file_path='Artifacts/02_06_2025_12_48_50/model_trainer/trainer_model/model.pkl', train_metric_artifact=ClassificationMetricArtifact(f1_score=0.9910273213025507, precision_score=0.9883370199075006, recall_score=0.9937323089365143), test_metric_artifact=ClassificationMetricArtifact(f1_score=0.9741485432909315, precision_score=0.968189233278956, recall_score=0.9801816680429397))
