[ 2025-02-05 17:43:02,287 ] 1025 httpx - INFO - HTTP Request: GET https://dagshub.com/api/v1/user "HTTP/1.1 200 OK"
[ 2025-02-05 17:43:02,293 ] 107 dagshub - INFO - Accessing as muogo
[ 2025-02-05 17:43:02,778 ] 1025 httpx - INFO - HTTP Request: GET https://dagshub.com/api/v1/repos/muogo/NetworkSecurity "HTTP/1.1 200 OK"
[ 2025-02-05 17:43:03,293 ] 1025 httpx - INFO - HTTP Request: GET https://dagshub.com/api/v1/user "HTTP/1.1 200 OK"
[ 2025-02-05 17:43:03,296 ] 107 dagshub - INFO - Initialized MLflow to track repo "muogo/NetworkSecurity"
[ 2025-02-05 17:43:03,296 ] 107 dagshub - INFO - Repository muogo/NetworkSecurity initialized!
[ 2025-02-05 17:43:03,296 ] 18 root - INFO - Initiate the data ingestion
[ 2025-02-05 17:43:06,174 ] 64 root - INFO - Performed train test split on the dataframe
[ 2025-02-05 17:43:06,175 ] 66 root - INFO - Exited split_data_as_train_test method of Data_Ingestion class
[ 2025-02-05 17:43:06,175 ] 74 root - INFO - Exporting train and test file path.
[ 2025-02-05 17:43:06,251 ] 83 root - INFO - Exported train and test file path.
[ 2025-02-05 17:43:06,251 ] 20 root - INFO - data initiation Completed
[ 2025-02-05 17:43:06,259 ] 26 root - INFO - Initiate the data Validation
[ 2025-02-05 17:43:06,293 ] 34 root - INFO - Required number of columns:2
[ 2025-02-05 17:43:06,294 ] 35 root - INFO - Data frame has columns:31
[ 2025-02-05 17:43:06,294 ] 34 root - INFO - Required number of columns:2
[ 2025-02-05 17:43:06,294 ] 35 root - INFO - Data frame has columns:31
[ 2025-02-05 17:43:06,498 ] 28 root - INFO - data Validation Completed
[ 2025-02-05 17:43:06,498 ] 33 root - INFO - data Transformation started
[ 2025-02-05 17:43:06,498 ] 60 root - INFO - Enter initiate_data_transformation method of DataTrasformation class
[ 2025-02-05 17:43:06,498 ] 62 root - INFO - Starting data trasformation
[ 2025-02-05 17:43:06,538 ] 46 root - INFO - enter get_data_trnasformer_object method of Trnasformation class
[ 2025-02-05 17:43:06,538 ] 51 root - INFO - Initialise KNNImputer with {'missing_values': nan, 'n_neighbors': 3, 'weights': 'uniform'}
[ 2025-02-05 17:43:06,551 ] 50 root - INFO - Enter to save object method of MainUtils class
[ 2025-02-05 17:43:06,554 ] 54 root - INFO - Exited the save object method of mainutils class
[ 2025-02-05 17:43:06,554 ] 50 root - INFO - Enter to save object method of MainUtils class
[ 2025-02-05 17:43:06,557 ] 54 root - INFO - Exited the save object method of mainutils class
[ 2025-02-05 17:43:06,557 ] 37 root - INFO - data Transformation completed
[ 2025-02-05 17:43:06,557 ] 39 root - INFO - Model Training sstared
[ 2025-02-05 17:48:17,618 ] 50 root - INFO - Enter to save object method of MainUtils class
[ 2025-02-05 17:48:17,619 ] 54 root - INFO - Exited the save object method of mainutils class
[ 2025-02-05 17:48:17,620 ] 50 root - INFO - Enter to save object method of MainUtils class
[ 2025-02-05 17:48:17,633 ] 54 root - INFO - Exited the save object method of mainutils class
[ 2025-02-05 17:48:17,633 ] 136 root - INFO - Model trainer artifact: ModelTrainerArtifact(trained_model_file_path='Artifacts/02_05_2025_17_42_57/model_trainer/trainer_model/model.pkl', train_metric_artifact=ClassificationMetricArtifact(f1_score=0.9909377863761327, precision_score=0.988220958570268, recall_score=0.9936695936287523), test_metric_artifact=ClassificationMetricArtifact(f1_score=0.968503937007874, precision_score=0.9609375, recall_score=0.9761904761904762))
[ 2025-02-05 17:48:17,633 ] 43 root - INFO - Model Training artifact created
