[ 2025-02-06 16:33:06,383 ] 1025 httpx - INFO - HTTP Request: GET https://dagshub.com/api/v1/user "HTTP/1.1 200 OK"
[ 2025-02-06 16:33:06,391 ] 107 dagshub - INFO - Accessing as muogo
[ 2025-02-06 16:33:06,877 ] 1025 httpx - INFO - HTTP Request: GET https://dagshub.com/api/v1/repos/muogo/NetworkSecurity "HTTP/1.1 200 OK"
[ 2025-02-06 16:33:07,201 ] 1025 httpx - INFO - HTTP Request: GET https://dagshub.com/api/v1/user "HTTP/1.1 200 OK"
[ 2025-02-06 16:33:07,206 ] 107 dagshub - INFO - Initialized MLflow to track repo "muogo/NetworkSecurity"
[ 2025-02-06 16:33:07,209 ] 107 dagshub - INFO - Repository muogo/NetworkSecurity initialized!
[ 2025-02-06 16:42:22,780 ] 42 root - INFO - Start data Ingestion
[ 2025-02-06 16:42:25,661 ] 64 root - INFO - Performed train test split on the dataframe
[ 2025-02-06 16:42:25,661 ] 66 root - INFO - Exited split_data_as_train_test method of Data_Ingestion class
[ 2025-02-06 16:42:25,661 ] 74 root - INFO - Exporting train and test file path.
[ 2025-02-06 16:42:25,779 ] 83 root - INFO - Exported train and test file path.
[ 2025-02-06 16:42:25,780 ] 45 root - INFO - Data Ingestion completed and artifact: DataIngestionArtifact(trained_file_path='Artifacts/02_06_2025_16_33_01/data_ingestion/ingested/train.csv', test_file_path='Artifacts/02_06_2025_16_33_01/data_ingestion/ingested/test.csv')
[ 2025-02-06 16:42:25,819 ] 55 root - INFO - Initiate the data Validation
[ 2025-02-06 16:42:25,906 ] 34 root - INFO - Required number of columns:2
[ 2025-02-06 16:42:25,907 ] 35 root - INFO - Data frame has columns:31
[ 2025-02-06 16:42:25,907 ] 34 root - INFO - Required number of columns:2
[ 2025-02-06 16:42:25,908 ] 35 root - INFO - Data frame has columns:31
[ 2025-02-06 16:42:26,387 ] 60 root - INFO - Enter initiate_data_transformation method of DataTrasformation class
[ 2025-02-06 16:42:26,388 ] 62 root - INFO - Starting data trasformation
[ 2025-02-06 16:42:26,489 ] 46 root - INFO - enter get_data_trnasformer_object method of Trnasformation class
[ 2025-02-06 16:42:26,498 ] 51 root - INFO - Initialise KNNImputer with {'missing_values': nan, 'n_neighbors': 3, 'weights': 'uniform'}
[ 2025-02-06 16:42:26,604 ] 50 root - INFO - Enter to save object method of MainUtils class
[ 2025-02-06 16:42:26,614 ] 54 root - INFO - Exited the save object method of mainutils class
[ 2025-02-06 16:42:26,614 ] 50 root - INFO - Enter to save object method of MainUtils class
[ 2025-02-06 16:42:26,621 ] 54 root - INFO - Exited the save object method of mainutils class
[ 2025-02-06 16:50:44,436 ] 50 root - INFO - Enter to save object method of MainUtils class
[ 2025-02-06 16:50:44,437 ] 54 root - INFO - Exited the save object method of mainutils class
[ 2025-02-06 16:50:44,437 ] 50 root - INFO - Enter to save object method of MainUtils class
[ 2025-02-06 16:50:44,498 ] 54 root - INFO - Exited the save object method of mainutils class
[ 2025-02-06 16:50:44,498 ] 134 root - INFO - Model trainer artifact: ModelTrainerArtifact(trained_model_file_path='Artifacts/02_06_2025_16_33_01/model_trainer/trainer_model/model.pkl', train_metric_artifact=ClassificationMetricArtifact(f1_score=0.9908610885458976, precision_score=0.989053314413136, recall_score=0.992675483214649), test_metric_artifact=ClassificationMetricArtifact(f1_score=0.9747697236684021, precision_score=0.9697211155378486, recall_score=0.9798711755233495))
